<?xml version="1.0" encoding="UTF-8"?>
<!-- Generated by org.testng.reporters.JUnitXMLReporter -->
<testsuite ignored="1" hostname="DESKTOP-Q7BRIKC" failures="0" tests="1" name="Test" time="0.05" errors="0" timestamp="2025-08-14T17:06:33 IST">
  <testcase classname="testDemo.Application1" name="@BeforeClass LaunchNewUser" time="-1.755171393325E9">
    <failure type="org.testng.TestNGException" message="
Method LaunchNewUser requires 2 parameters but 1 were supplied in the BeforeClass annotation.">
      <![CDATA[org.testng.TestNGException: 
Method LaunchNewUser requires 2 parameters but 1 were supplied in the BeforeClass annotation.
at java.base/java.util.ArrayList.forEach(ArrayList.java:1597)
... Removed 22 stack frames]]>
    </failure>
  </testcase> <!-- @BeforeClass LaunchNewUser -->
  <testcase classname="testDemo.Application1" name="@AfterClass TearDown" time="0.0">
    <skipped/>
  </testcase> <!-- @AfterClass TearDown -->
  <testcase classname="testDemo.Application1" name="RegisterNewUser" time="0.0">
    <skipped/>
  </testcase> <!-- RegisterNewUser -->
  <testcase classname="testDemo.Application1" name="launchGoogle" time="0.0">
    <ignored/>
  </testcase> <!-- launchGoogle -->
</testsuite> <!-- Test -->
