<?xml version="1.0" encoding="UTF-8"?>
<testng-results ignored="2" total="4" passed="1" failed="0" skipped="1">
  <reporter-output>
  </reporter-output>
  <suite started-at="2025-08-14T17:06:33 IST" name="Suite" finished-at="2025-08-14T17:06:42 IST" duration-ms="9185">
    <groups>
    </groups>
    <test started-at="2025-08-14T17:06:33 IST" name="Test" finished-at="2025-08-14T17:06:33 IST" duration-ms="50">
      <class name="testDemo.Application1">
        <test-method is-config="true" signature="LaunchNewUser(java.lang.String,java.lang.String)[pri:0, instance:testDemo.Application1@43c1b556]" started-at="2025-08-14T17:06:33 IST" name="LaunchNewUser" finished-at="1970-01-01T05:30:00 IST" duration-ms="-1755171393325" status="FAIL">
          <exception class="org.testng.TestNGException">
            <message>
              <![CDATA[
Method LaunchNewUser requires 2 parameters but 1 were supplied in the BeforeClass annotation.]]>
            </message>
            <full-stacktrace>
              <![CDATA[org.testng.TestNGException: 
Method LaunchNewUser requires 2 parameters but 1 were supplied in the BeforeClass annotation.
at org.testng.internal.Parameters.checkParameterTypes(Parameters.java:450)
at org.testng.internal.Parameters.createParametersForMethod(Parameters.java:347)
at org.testng.internal.Parameters.createParameters(Parameters.java:690)
at org.testng.internal.Parameters.createConfigurationParameters(Parameters.java:163)
at org.testng.internal.invokers.ConfigInvoker.invokeConfigurations(ConfigInvoker.java:313)
at org.testng.internal.invokers.TestMethodWorker.invokeBeforeClassMethods(TestMethodWorker.java:188)
at org.testng.internal.invokers.TestMethodWorker.run(TestMethodWorker.java:128)
at java.base/java.util.ArrayList.forEach(ArrayList.java:1597)
at org.testng.TestRunner.privateRun(TestRunner.java:741)
at org.testng.TestRunner.run(TestRunner.java:616)
at org.testng.SuiteRunner.runTest(SuiteRunner.java:421)
at org.testng.SuiteRunner.runSequentially(SuiteRunner.java:413)
at org.testng.SuiteRunner.privateRun(SuiteRunner.java:373)
at org.testng.SuiteRunner.run(SuiteRunner.java:312)
at org.testng.SuiteRunnerWorker.runSuite(SuiteRunnerWorker.java:52)
at org.testng.SuiteRunnerWorker.run(SuiteRunnerWorker.java:95)
at org.testng.TestNG.runSuitesSequentially(TestNG.java:1274)
at org.testng.TestNG.runSuitesLocally(TestNG.java:1208)
at org.testng.TestNG.runSuites(TestNG.java:1112)
at org.testng.TestNG.run(TestNG.java:1079)
at org.testng.remote.AbstractRemoteTestNG.run(AbstractRemoteTestNG.java:115)
at org.testng.remote.RemoteTestNG.initAndRun(RemoteTestNG.java:293)
at org.testng.remote.RemoteTestNG.main(RemoteTestNG.java:91)
]]>
            </full-stacktrace>
          </exception> <!-- org.testng.TestNGException -->
          <reporter-output>
          </reporter-output>
        </test-method> <!-- LaunchNewUser -->
        <test-method signature="RegisterNewUser()[pri:0, instance:testDemo.Application1@43c1b556]" started-at="2025-08-14T17:06:33 IST" name="RegisterNewUser" finished-at="2025-08-14T17:06:33 IST" duration-ms="0" status="SKIP">
          <exception class="org.testng.TestNGException">
            <message>
              <![CDATA[
Method LaunchNewUser requires 2 parameters but 1 were supplied in the BeforeClass annotation.]]>
            </message>
            <full-stacktrace>
              <![CDATA[org.testng.TestNGException: 
Method LaunchNewUser requires 2 parameters but 1 were supplied in the BeforeClass annotation.
at org.testng.internal.Parameters.checkParameterTypes(Parameters.java:450)
at org.testng.internal.Parameters.createParametersForMethod(Parameters.java:347)
at org.testng.internal.Parameters.createParameters(Parameters.java:690)
at org.testng.internal.Parameters.createConfigurationParameters(Parameters.java:163)
at org.testng.internal.invokers.ConfigInvoker.invokeConfigurations(ConfigInvoker.java:313)
at org.testng.internal.invokers.TestMethodWorker.invokeBeforeClassMethods(TestMethodWorker.java:188)
at org.testng.internal.invokers.TestMethodWorker.run(TestMethodWorker.java:128)
at java.base/java.util.ArrayList.forEach(ArrayList.java:1597)
at org.testng.TestRunner.privateRun(TestRunner.java:741)
at org.testng.TestRunner.run(TestRunner.java:616)
at org.testng.SuiteRunner.runTest(SuiteRunner.java:421)
at org.testng.SuiteRunner.runSequentially(SuiteRunner.java:413)
at org.testng.SuiteRunner.privateRun(SuiteRunner.java:373)
at org.testng.SuiteRunner.run(SuiteRunner.java:312)
at org.testng.SuiteRunnerWorker.runSuite(SuiteRunnerWorker.java:52)
at org.testng.SuiteRunnerWorker.run(SuiteRunnerWorker.java:95)
at org.testng.TestNG.runSuitesSequentially(TestNG.java:1274)
at org.testng.TestNG.runSuitesLocally(TestNG.java:1208)
at org.testng.TestNG.runSuites(TestNG.java:1112)
at org.testng.TestNG.run(TestNG.java:1079)
at org.testng.remote.AbstractRemoteTestNG.run(AbstractRemoteTestNG.java:115)
at org.testng.remote.RemoteTestNG.initAndRun(RemoteTestNG.java:293)
at org.testng.remote.RemoteTestNG.main(RemoteTestNG.java:91)
]]>
            </full-stacktrace>
          </exception> <!-- org.testng.TestNGException -->
          <reporter-output>
          </reporter-output>
        </test-method> <!-- RegisterNewUser -->
        <test-method is-config="true" signature="TearDown()[pri:0, instance:testDemo.Application1@43c1b556]" started-at="2025-08-14T17:06:33 IST" name="TearDown" finished-at="2025-08-14T17:06:33 IST" duration-ms="0" status="SKIP">
          <reporter-output>
          </reporter-output>
        </test-method> <!-- TearDown -->
      </class> <!-- testDemo.Application1 -->
    </test> <!-- Test -->
    <test started-at="2025-08-14T17:06:33 IST" name="Test1" finished-at="2025-08-14T17:06:42 IST" duration-ms="9069">
      <class name="testDemo.Annotations">
        <test-method is-config="true" signature="beforeSuite()[pri:0, instance:testDemo.Annotations@57250572]" started-at="2025-08-14T17:06:33 IST" name="beforeSuite" finished-at="2025-08-14T17:06:33 IST" duration-ms="9" status="PASS">
          <reporter-output>
          </reporter-output>
        </test-method> <!-- beforeSuite -->
        <test-method is-config="true" signature="beforeTest()[pri:0, instance:testDemo.Annotations@57250572]" started-at="2025-08-14T17:06:33 IST" name="beforeTest" finished-at="2025-08-14T17:06:33 IST" duration-ms="1" status="PASS">
          <reporter-output>
          </reporter-output>
        </test-method> <!-- beforeTest -->
        <test-method is-config="true" signature="beforeClass()[pri:0, instance:testDemo.Annotations@57250572]" started-at="2025-08-14T17:06:33 IST" name="beforeClass" finished-at="2025-08-14T17:06:38 IST" duration-ms="5549" status="PASS">
          <reporter-output>
          </reporter-output>
        </test-method> <!-- beforeClass -->
        <test-method is-config="true" signature="beforeMethod()[pri:0, instance:testDemo.Annotations@57250572]" started-at="2025-08-14T17:06:38 IST" name="beforeMethod" finished-at="2025-08-14T17:06:39 IST" duration-ms="691" status="PASS">
          <reporter-output>
          </reporter-output>
        </test-method> <!-- beforeMethod -->
        <test-method signature="loginTest()[pri:2, instance:testDemo.Annotations@57250572]" started-at="2025-08-14T17:06:39 IST" name="loginTest" finished-at="2025-08-14T17:06:41 IST" duration-ms="2143" status="PASS">
          <reporter-output>
          </reporter-output>
        </test-method> <!-- loginTest -->
        <test-method is-config="true" signature="afterMethod()[pri:0, instance:testDemo.Annotations@57250572]" started-at="2025-08-14T17:06:41 IST" name="afterMethod" finished-at="2025-08-14T17:06:42 IST" duration-ms="678" status="PASS">
          <reporter-output>
          </reporter-output>
        </test-method> <!-- afterMethod -->
        <test-method is-config="true" signature="afterTest()[pri:0, instance:testDemo.Annotations@57250572]" started-at="2025-08-14T17:06:42 IST" name="afterTest" finished-at="2025-08-14T17:06:42 IST" duration-ms="0" status="PASS">
          <reporter-output>
          </reporter-output>
        </test-method> <!-- afterTest -->
        <test-method is-config="true" signature="afterSuite()[pri:0, instance:testDemo.Annotations@57250572]" started-at="2025-08-14T17:06:42 IST" name="afterSuite" finished-at="2025-08-14T17:06:42 IST" duration-ms="0" status="PASS">
          <reporter-output>
          </reporter-output>
        </test-method> <!-- afterSuite -->
      </class> <!-- testDemo.Annotations -->
    </test> <!-- Test1 -->
  </suite> <!-- Suite -->
</testng-results>
